<?xml version="1.0" encoding="UTF-8"?>
<testng-results ignored="0" total="1" passed="1" failed="0" skipped="0">
  <reporter-output>
  </reporter-output>
  <suite started-at="2023-07-02T16:53:48 IST" name="Suite" finished-at="2023-07-02T16:54:13 IST" duration-ms="24913">
    <groups>
    </groups>
    <test started-at="2023-07-02T16:53:48 IST" name="Test" finished-at="2023-07-02T16:54:13 IST" duration-ms="24913">
      <class name="SeleniumPractice.ObjectrepositorywithXMLfile">
        <test-method signature="UsingXMLfile(java.lang.String,java.lang.String)[pri:0, instance:SeleniumPractice.ObjectrepositorywithXMLfile@48f278eb]" started-at="2023-07-02T16:53:48 IST" name="UsingXMLfile" finished-at="2023-07-02T16:54:13 IST" duration-ms="24867" status="PASS">
          <params>
            <param index="0">
              <value>
                <![CDATA[vinod]]>
              </value>
            </param>
            <param index="1">
              <value>
                <![CDATA[vinod]]>
              </value>
            </param>
          </params>
          <reporter-output>
          </reporter-output>
        </test-method> <!-- UsingXMLfile -->
      </class> <!-- SeleniumPractice.ObjectrepositorywithXMLfile -->
    </test> <!-- Test -->
  </suite> <!-- Suite -->
</testng-results>
